<?xml version="1.0" encoding="UTF-8"?>
<!-- Generated by org.testng.reporters.JUnitXMLReporter -->
<testsuite ignored="1" hostname="DESKTOP-6NU5EMH" failures="0" tests="2" name="Test" time="26.386" errors="0" timestamp="2022-09-13T17:37:17 IST">
  <testcase classname="temptestpack.TestNgClassMessanger" name="test" time="7.164"/>
  <testcase classname="temptestpack.TestNgClassMessanger" name="test123" time="1.591"/>
  <testcase classname="temptestpack.TestNgClassSignUpPage" name="test" time="0.0">
    <ignored/>
  </testcase> <!-- test -->
</testsuite> <!-- Test -->
